<?xml version="1.0" encoding="UTF-8"?>
<!-- Generated by org.testng.reporters.JUnitReportReporter -->
<testsuite hostname="DESKTOP-BTUDQV5" failures="0" tests="2" name="testcases.HomePageTest" time="37.879" errors="0" timestamp="2022-10-16T20:43:31 BDT" skipped="0">
  <testcase classname="testcases.HomePageTest" name="wishListTest" time="20.036"/>
  <system-out/>
  <testcase classname="testcases.HomePageTest" name="orderHistoryTest" time="17.843"/>
  <system-out/>
</testsuite> <!-- testcases.HomePageTest -->
