<?xml version="1.0" encoding="UTF-8"?>
<!-- Generated by org.testng.reporters.JUnitReportReporter -->
<testsuite hostname="DESKTOP-BTUDQV5" failures="0" tests="1" name="testcases.LoginPageTest" time="27.682" errors="0" timestamp="2022-10-16T19:45:41 BDT" skipped="0">
  <testcase classname="testcases.LoginPageTest" name="loginTest" time="27.682"/>
  <system-out/>
</testsuite> <!-- testcases.LoginPageTest -->
