<?xml version="1.0" encoding="UTF-8"?>
<!-- Generated by org.testng.reporters.JUnitReportReporter -->
<testsuite hostname="DESKTOP-BTUDQV5" failures="0" tests="1" name="testcases.EndToEndTest" time="72.496" errors="0" timestamp="2022-10-17T10:48:58 BDT" skipped="0">
  <testcase classname="testcases.EndToEndTest" name="endToEndTest" time="72.496"/>
  <system-out/>
</testsuite> <!-- testcases.EndToEndTest -->
