<?xml version="1.0" encoding="UTF-8"?>
<!-- Generated by org.testng.reporters.JUnitReportReporter -->
<testsuite hostname="DESKTOP-BTUDQV5" failures="0" tests="2" name="testcases.IndexPageTest" time="49.841" errors="0" timestamp="2022-10-16T15:50:54 BDT" skipped="0">
  <testcase classname="testcases.IndexPageTest" name="verifyLogo" time="18.949"/>
  <system-out/>
  <testcase classname="testcases.IndexPageTest" name="verifyTitle" time="30.892"/>
  <system-out/>
</testsuite> <!-- testcases.IndexPageTest -->
