<?xml version="1.0" encoding="UTF-8"?>
<!-- Generated by org.testng.reporters.JUnitReportReporter -->
<testsuite hostname="DESKTOP-BTUDQV5" failures="0" tests="1" name="testcases.OrderPageTest" time="45.409" errors="0" timestamp="2022-10-17T08:41:00 BDT" skipped="0">
  <testcase classname="testcases.OrderPageTest" name="verifyTotalPrice" time="45.409"/>
  <system-out/>
</testsuite> <!-- testcases.OrderPageTest -->
