<?xml version="1.0" encoding="UTF-8"?>
<!-- Generated by org.testng.reporters.JUnitReportReporter -->
<testsuite hostname="DESKTOP-BTUDQV5" failures="0" tests="1" name="testcases.AccCreatePageTest" time="20.756" errors="0" timestamp="2022-10-17T07:18:05 BDT" skipped="0">
  <testcase classname="testcases.AccCreatePageTest" name="verifyCreateAccPageTest" time="20.756"/>
  <system-out/>
</testsuite> <!-- testcases.AccCreatePageTest -->
