<?xml version="1.0" encoding="UTF-8"?>
<!-- Generated by org.testng.reporters.JUnitReportReporter -->
<testsuite hostname="DESKTOP-BTUDQV5" failures="0" tests="1" name="testcases.CartPageTest" time="29.619" errors="0" timestamp="2022-10-17T08:08:10 BDT" skipped="0">
  <testcase classname="testcases.CartPageTest" name="addToCartTest" time="29.619"/>
  <system-out/>
</testsuite> <!-- testcases.CartPageTest -->
