<?xml version="1.0" encoding="UTF-8"?>
<!-- Generated by org.testng.reporters.JUnitReportReporter -->
<testsuite hostname="DESKTOP-BTUDQV5" failures="0" tests="1" name="testcases.LoginPageTest" time="26.233" errors="0" timestamp="2022-10-17T16:41:10 BDT" skipped="0">
  <testcase classname="testcases.LoginPageTest" name="loginTest" time="26.233"/>
  <system-out/>
</testsuite> <!-- testcases.LoginPageTest -->
