<?xml version="1.0" encoding="UTF-8"?>
<!-- Generated by org.testng.reporters.JUnitReportReporter -->
<testsuite hostname="DESKTOP-BTUDQV5" failures="0" tests="2" name="testcases.IndexPageTest" time="32.482" errors="0" timestamp="2022-10-16T16:01:48 BDT" skipped="0">
  <testcase classname="testcases.IndexPageTest" name="verifyTitle" time="14.102"/>
  <system-out/>
  <testcase classname="testcases.IndexPageTest" name="verifyLogo" time="18.380"/>
  <system-out/>
</testsuite> <!-- testcases.IndexPageTest -->
