<?xml version="1.0" encoding="UTF-8"?>
<!-- Generated by org.testng.reporters.JUnitReportReporter -->
<testsuite hostname="DESKTOP-BTUDQV5" failures="0" tests="1" name="testcases.SearchResultTest" time="15.918" errors="0" timestamp="2022-10-17T07:44:42 BDT" skipped="0">
  <testcase classname="testcases.SearchResultTest" name="productAvailabilityTest" time="15.918"/>
  <system-out/>
</testsuite> <!-- testcases.SearchResultTest -->
