<?xml version="1.0" encoding="UTF-8"?>
<!-- Generated by org.testng.reporters.JUnitReportReporter -->
<testsuite hostname="DESKTOP-BTUDQV5" failures="0" tests="1" name="testcases.EndToEndTest" time="97.225" errors="0" timestamp="2022-10-17T14:44:46 BDT" skipped="0">
  <testcase classname="testcases.EndToEndTest" name="endToEndTest" time="97.225"/>
  <system-out/>
</testsuite> <!-- testcases.EndToEndTest -->
